<?xml version="1.0" encoding="UTF-8"?>
<!-- Generated by org.testng.reporters.JUnitReportReporter -->
<testsuite hostname="Mahesh-13" failures="0" tests="1" name="RestPostRequest" time="3.707" errors="0" timestamp="2022-01-09T12:11:19 IST" skipped="0">
  <testcase classname="RestPostRequest" name="Postrequest" time="3.707"/>
  <system-out/>
</testsuite> <!-- RestPostRequest -->
