<?xml version="1.0" encoding="UTF-8"?>
<!-- Generated by org.testng.reporters.JUnitReportReporter -->
<testsuite hostname="Mahesh-13" failures="0" tests="1" name="RESTGetRequest" time="3.555" errors="0" timestamp="2022-01-09T10:12:16 IST" skipped="0">
  <testcase classname="RESTGetRequest" name="m1" time="3.555"/>
  <system-out/>
</testsuite> <!-- RESTGetRequest -->
